0 info it worked if it ends with ok
1 verbose cli [ '/usr/local/bin/node', '/usr/local/bin/npm', 'update' ]
2 info using npm@3.10.10
3 info using node@v6.9.4
4 silly mapToRegistry name zepto.min.js
5 silly mapToRegistry using default registry
6 silly mapToRegistry registry https://registry.npmjs.org/
7 silly mapToRegistry data Result {
7 silly mapToRegistry   raw: 'zepto.min.js',
7 silly mapToRegistry   scope: null,
7 silly mapToRegistry   escapedName: 'zepto.min.js',
7 silly mapToRegistry   name: 'zepto.min.js',
7 silly mapToRegistry   rawSpec: '',
7 silly mapToRegistry   spec: 'latest',
7 silly mapToRegistry   type: 'tag' }
8 silly mapToRegistry uri https://registry.npmjs.org/zepto.min.js
9 silly mapToRegistry name clappr
10 silly mapToRegistry using default registry
11 silly mapToRegistry registry https://registry.npmjs.org/
12 silly mapToRegistry data Result {
12 silly mapToRegistry   raw: 'clappr',
12 silly mapToRegistry   scope: null,
12 silly mapToRegistry   escapedName: 'clappr',
12 silly mapToRegistry   name: 'clappr',
12 silly mapToRegistry   rawSpec: '',
12 silly mapToRegistry   spec: 'latest',
12 silly mapToRegistry   type: 'tag' }
13 silly mapToRegistry uri https://registry.npmjs.org/clappr
14 silly mapToRegistry name clappr-video360
15 silly mapToRegistry using default registry
16 silly mapToRegistry registry https://registry.npmjs.org/
17 silly mapToRegistry data Result {
17 silly mapToRegistry   raw: 'clappr-video360',
17 silly mapToRegistry   scope: null,
17 silly mapToRegistry   escapedName: 'clappr-video360',
17 silly mapToRegistry   name: 'clappr-video360',
17 silly mapToRegistry   rawSpec: '',
17 silly mapToRegistry   spec: 'latest',
17 silly mapToRegistry   type: 'tag' }
18 silly mapToRegistry uri https://registry.npmjs.org/clappr-video360
19 verbose request uri https://registry.npmjs.org/zepto.min.js
20 verbose request no auth needed
21 info attempt registry request try #1 at 12:29:44 PM
22 verbose request id 6227b75ab1b0268c
23 http request GET https://registry.npmjs.org/zepto.min.js
24 verbose request uri https://registry.npmjs.org/clappr
25 verbose request no auth needed
26 info attempt registry request try #1 at 12:29:44 PM
27 verbose etag W/"58f7e2f3-72811"
28 verbose lastModified Wed, 19 Apr 2017 22:21:39 GMT
29 http request GET https://registry.npmjs.org/clappr
30 verbose request uri https://registry.npmjs.org/clappr-video360
31 verbose request no auth needed
32 info attempt registry request try #1 at 12:29:44 PM
33 verbose etag W/"5866acf8-19de"
34 verbose lastModified Fri, 30 Dec 2016 18:52:40 GMT
35 http request GET https://registry.npmjs.org/clappr-video360
36 http 304 https://registry.npmjs.org/clappr
37 verbose headers { date: 'Thu, 01 Jun 2017 04:29:44 GMT',
37 verbose headers   via: '1.1 varnish',
37 verbose headers   'cache-control': 'max-age=300',
37 verbose headers   etag: 'W/"58f7e2f3-72811"',
37 verbose headers   age: '32',
37 verbose headers   connection: 'keep-alive',
37 verbose headers   'x-served-by': 'cache-sin18025-SIN',
37 verbose headers   'x-cache': 'HIT',
37 verbose headers   'x-cache-hits': '1',
37 verbose headers   'x-timer': 'S1496291385.791303,VS0,VE0',
37 verbose headers   vary: 'Accept-Encoding' }
38 silly get cb [ 304,
38 silly get   { date: 'Thu, 01 Jun 2017 04:29:44 GMT',
38 silly get     via: '1.1 varnish',
38 silly get     'cache-control': 'max-age=300',
38 silly get     etag: 'W/"58f7e2f3-72811"',
38 silly get     age: '32',
38 silly get     connection: 'keep-alive',
38 silly get     'x-served-by': 'cache-sin18025-SIN',
38 silly get     'x-cache': 'HIT',
38 silly get     'x-cache-hits': '1',
38 silly get     'x-timer': 'S1496291385.791303,VS0,VE0',
38 silly get     vary: 'Accept-Encoding' } ]
39 verbose etag https://registry.npmjs.org/clappr from cache
40 verbose get saving clappr to /Users/adityaaggarwal/.npm/registry.npmjs.org/clappr/.cache.json
41 verbose correctMkdir /Users/adityaaggarwal/.npm correctMkdir not in flight; initializing
42 http 304 https://registry.npmjs.org/clappr-video360
43 verbose headers { date: 'Thu, 01 Jun 2017 04:29:44 GMT',
43 verbose headers   via: '1.1 varnish',
43 verbose headers   'cache-control': 'max-age=300',
43 verbose headers   etag: 'W/"5866acf8-19de"',
43 verbose headers   age: '0',
43 verbose headers   connection: 'keep-alive',
43 verbose headers   'x-served-by': 'cache-sin18023-SIN',
43 verbose headers   'x-cache': 'MISS',
43 verbose headers   'x-cache-hits': '0',
43 verbose headers   'x-timer': 'S1496291385.800552,VS0,VE129',
43 verbose headers   vary: 'Accept-Encoding' }
44 silly get cb [ 304,
44 silly get   { date: 'Thu, 01 Jun 2017 04:29:44 GMT',
44 silly get     via: '1.1 varnish',
44 silly get     'cache-control': 'max-age=300',
44 silly get     etag: 'W/"5866acf8-19de"',
44 silly get     age: '0',
44 silly get     connection: 'keep-alive',
44 silly get     'x-served-by': 'cache-sin18023-SIN',
44 silly get     'x-cache': 'MISS',
44 silly get     'x-cache-hits': '0',
44 silly get     'x-timer': 'S1496291385.800552,VS0,VE129',
44 silly get     vary: 'Accept-Encoding' } ]
45 verbose etag https://registry.npmjs.org/clappr-video360 from cache
46 verbose get saving clappr-video360 to /Users/adityaaggarwal/.npm/registry.npmjs.org/clappr-video360/.cache.json
47 verbose correctMkdir /Users/adityaaggarwal/.npm correctMkdir not in flight; initializing
48 http 404 https://registry.npmjs.org/zepto.min.js
49 verbose headers { 'content-type': 'application/json',
49 verbose headers   'cache-control': 'max-age=0',
49 verbose headers   'content-length': '2',
49 verbose headers   'accept-ranges': 'bytes',
49 verbose headers   date: 'Thu, 01 Jun 2017 04:29:45 GMT',
49 verbose headers   via: '1.1 varnish',
49 verbose headers   age: '0',
49 verbose headers   connection: 'keep-alive',
49 verbose headers   'x-served-by': 'cache-sin18029-SIN',
49 verbose headers   'x-cache': 'MISS',
49 verbose headers   'x-cache-hits': '0',
49 verbose headers   'x-timer': 'S1496291385.774035,VS0,VE1097',
49 verbose headers   vary: 'Accept-Encoding' }
50 silly get cb [ 404,
50 silly get   { 'content-type': 'application/json',
50 silly get     'cache-control': 'max-age=0',
50 silly get     'content-length': '2',
50 silly get     'accept-ranges': 'bytes',
50 silly get     date: 'Thu, 01 Jun 2017 04:29:45 GMT',
50 silly get     via: '1.1 varnish',
50 silly get     age: '0',
50 silly get     connection: 'keep-alive',
50 silly get     'x-served-by': 'cache-sin18029-SIN',
50 silly get     'x-cache': 'MISS',
50 silly get     'x-cache-hits': '0',
50 silly get     'x-timer': 'S1496291385.774035,VS0,VE1097',
50 silly get     vary: 'Accept-Encoding' } ]
51 verbose stack Error: Registry returned 404 for GET on https://registry.npmjs.org/zepto.min.js
51 verbose stack     at makeError (/usr/local/lib/node_modules/npm/node_modules/npm-registry-client/lib/request.js:302:12)
51 verbose stack     at CachingRegistryClient.<anonymous> (/usr/local/lib/node_modules/npm/node_modules/npm-registry-client/lib/request.js:280:14)
51 verbose stack     at Request._callback (/usr/local/lib/node_modules/npm/node_modules/npm-registry-client/lib/request.js:210:14)
51 verbose stack     at Request.self.callback (/usr/local/lib/node_modules/npm/node_modules/request/request.js:187:22)
51 verbose stack     at emitTwo (events.js:106:13)
51 verbose stack     at Request.emit (events.js:191:7)
51 verbose stack     at Request.<anonymous> (/usr/local/lib/node_modules/npm/node_modules/request/request.js:1048:10)
51 verbose stack     at emitOne (events.js:96:13)
51 verbose stack     at Request.emit (events.js:188:7)
51 verbose stack     at IncomingMessage.<anonymous> (/usr/local/lib/node_modules/npm/node_modules/request/request.js:969:12)
52 verbose statusCode 404
53 verbose pkgid zepto.min.js
54 verbose cwd /Applications/MAMP/htdocs/PlayerDemo
55 error Darwin 16.5.0
56 error argv "/usr/local/bin/node" "/usr/local/bin/npm" "update"
57 error node v6.9.4
58 error npm  v3.10.10
59 error code E404
60 error 404 Registry returned 404 for GET on https://registry.npmjs.org/zepto.min.js
61 error 404
62 error 404 'zepto.min.js' is not in the npm registry.
63 error 404 You should bug the author to publish it (or use the name yourself!)
64 error 404 Note that you can also install from a
65 error 404 tarball, folder, http url, or git url.
66 verbose exit [ 1, true ]
